This is just to test the auto deployment
